# JRE version: Java(TM) SE Runtime Environment (8.0_73-b02) (build 1.8.0_73-b02)
# Java VM: Java HotSpot(TM) 64-Bit Server VM (25.73-b02 mixed mode windows-amd64 compressed oops)
Heap:
 PSYoungGen      total 276992K, used 9762K [0x00000000d5d80000, 0x00000000e9700000, 0x0000000100000000)
  eden space 255488K, 3% used [0x00000000d5d80000,0x00000000d6708978,0x00000000e5700000)
  from space 21504K, 0% used [0x00000000e6e00000,0x00000000e6e00000,0x00000000e8300000)
  to   space 23552K, 0% used [0x00000000e5700000,0x00000000e5700000,0x00000000e6e00000)
 ParOldGen       total 144896K, used 35787K [0x0000000081800000, 0x000000008a580000, 0x00000000d5d80000)
  object space 144896K, 24% used [0x0000000081800000,0x0000000083af2f78,0x000000008a580000)
 Metaspace       used 58870K, capacity 59394K, committed 59992K, reserved 1101824K
  class space    used 7807K, capacity 7936K, committed 8024K, reserved 1048576K
GC Heap History (10 events):
Event: 4.768 GC heap before
{Heap before GC invocations=9 (full 2):
 PSYoungGen      total 160768K, used 14325K [0x00000000d5d80000, 0x00000000e4b00000, 0x0000000100000000)
  eden space 146432K, 0% used [0x00000000d5d80000,0x00000000d5d80000,0x00000000dec80000)
  from space 14336K, 99% used [0x00000000dec80000,0x00000000dfa7d5e8,0x00000000dfa80000)
  to   space 16384K, 0% used [0x00000000e3b00000,0x00000000e3b00000,0x00000000e4b00000)
 ParOldGen       total 67072K, used 15349K [0x0000000081800000, 0x0000000085980000, 0x00000000d5d80000)
  object space 67072K, 22% used [0x0000000081800000,0x00000000826fd5a0,0x0000000085980000)
 Metaspace       used 34858K, capacity 35156K, committed 35456K, reserved 1081344K
  class space    used 4278K, capacity 4391K, committed 4480K, reserved 1048576K
Event: 4.852 GC heap after
Heap after GC invocations=9 (full 2):
 PSYoungGen      total 160768K, used 0K [0x00000000d5d80000, 0x00000000e4b00000, 0x0000000100000000)
  eden space 146432K, 0% used [0x00000000d5d80000,0x00000000d5d80000,0x00000000dec80000)
  from space 14336K, 0% used [0x00000000dec80000,0x00000000dec80000,0x00000000dfa80000)
  to   space 16384K, 0% used [0x00000000e3b00000,0x00000000e3b00000,0x00000000e4b00000)
 ParOldGen       total 105472K, used 22849K [0x0000000081800000, 0x0000000087f00000, 0x00000000d5d80000)
  object space 105472K, 21% used [0x0000000081800000,0x0000000082e50448,0x0000000087f00000)
 Metaspace       used 34858K, capacity 35156K, committed 35456K, reserved 1081344K
  class space    used 4278K, capacity 4391K, committed 4480K, reserved 1048576K
}
Event: 7.026 GC heap before
{Heap before GC invocations=10 (full 2):
 PSYoungGen      total 160768K, used 146432K [0x00000000d5d80000, 0x00000000e4b00000, 0x0000000100000000)
  eden space 146432K, 100% used [0x00000000d5d80000,0x00000000dec80000,0x00000000dec80000)
  from space 14336K, 0% used [0x00000000dec80000,0x00000000dec80000,0x00000000dfa80000)
  to   space 16384K, 0% used [0x00000000e3b00000,0x00000000e3b00000,0x00000000e4b00000)
 ParOldGen       total 105472K, used 22849K [0x0000000081800000, 0x0000000087f00000, 0x00000000d5d80000)
  object space 105472K, 21% used [0x0000000081800000,0x0000000082e50448,0x0000000087f00000)
 Metaspace       used 50116K, capacity 50580K, committed 50944K, reserved 1093632K
  class space    used 6699K, capacity 6817K, committed 6912K, reserved 1048576K
Event: 7.049 GC heap after
Heap after GC invocations=10 (full 2):
 PSYoungGen      total 223744K, used 14409K [0x00000000d5d80000, 0x00000000e4b00000, 0x0000000100000000)
  eden space 207360K, 0% used [0x00000000d5d80000,0x00000000d5d80000,0x00000000e2800000)
  from space 16384K, 87% used [0x00000000e3b00000,0x00000000e4912750,0x00000000e4b00000)
  to   space 17920K, 0% used [0x00000000e2800000,0x00000000e2800000,0x00000000e3980000)
 ParOldGen       total 105472K, used 22865K [0x0000000081800000, 0x0000000087f00000, 0x00000000d5d80000)
  object space 105472K, 21% used [0x0000000081800000,0x0000000082e54448,0x0000000087f00000)
 Metaspace       used 50116K, capacity 50580K, committed 50944K, reserved 1093632K
  class space    used 6699K, capacity 6817K, committed 6912K, reserved 1048576K
}
Event: 9.428 GC heap before
{Heap before GC invocations=11 (full 2):
 PSYoungGen      total 223744K, used 221769K [0x00000000d5d80000, 0x00000000e4b00000, 0x0000000100000000)
  eden space 207360K, 100% used [0x00000000d5d80000,0x00000000e2800000,0x00000000e2800000)
  from space 16384K, 87% used [0x00000000e3b00000,0x00000000e4912750,0x00000000e4b00000)
  to   space 17920K, 0% used [0x00000000e2800000,0x00000000e2800000,0x00000000e3980000)
 ParOldGen       total 105472K, used 22865K [0x0000000081800000, 0x0000000087f00000, 0x00000000d5d80000)
  object space 105472K, 21% used [0x0000000081800000,0x0000000082e54448,0x0000000087f00000)
 Metaspace       used 56929K, capacity 57356K, committed 57856K, reserved 1099776K
  class space    used 7518K, capacity 7643K, committed 7680K, reserved 1048576K
Event: 9.463 GC heap after
Heap after GC invocations=11 (full 2):
 PSYoungGen      total 225280K, used 17902K [0x00000000d5d80000, 0x00000000e8300000, 0x0000000100000000)
  eden space 207360K, 0% used [0x00000000d5d80000,0x00000000d5d80000,0x00000000e2800000)
  from space 17920K, 99% used [0x00000000e2800000,0x00000000e397b860,0x00000000e3980000)
  to   space 21504K, 0% used [0x00000000e6e00000,0x00000000e6e00000,0x00000000e8300000)
 ParOldGen       total 105472K, used 26096K [0x0000000081800000, 0x0000000087f00000, 0x00000000d5d80000)
  object space 105472K, 24% used [0x0000000081800000,0x000000008317c3c0,0x0000000087f00000)
 Metaspace       used 56929K, capacity 57356K, committed 57856K, reserved 1099776K
  class space    used 7518K, capacity 7643K, committed 7680K, reserved 1048576K
}
Event: 10.127 GC heap before
{Heap before GC invocations=12 (full 2):
 PSYoungGen      total 225280K, used 91483K [0x00000000d5d80000, 0x00000000e8300000, 0x0000000100000000)
  eden space 207360K, 35% used [0x00000000d5d80000,0x00000000da55b600,0x00000000e2800000)
  from space 17920K, 99% used [0x00000000e2800000,0x00000000e397b860,0x00000000e3980000)
  to   space 21504K, 0% used [0x00000000e6e00000,0x00000000e6e00000,0x00000000e8300000)
 ParOldGen       total 105472K, used 26096K [0x0000000081800000, 0x0000000087f00000, 0x00000000d5d80000)
  object space 105472K, 24% used [0x0000000081800000,0x000000008317c3c0,0x0000000087f00000)
 Metaspace       used 58337K, capacity 58718K, committed 59096K, reserved 1099776K
  class space    used 7733K, capacity 7838K, committed 7896K, reserved 1048576K
Event: 10.176 GC heap after
Heap after GC invocations=12 (full 2):
 PSYoungGen      total 276992K, used 19542K [0x00000000d5d80000, 0x00000000e9700000, 0x0000000100000000)
  eden space 255488K, 0% used [0x00000000d5d80000,0x00000000d5d80000,0x00000000e5700000)
  from space 21504K, 90% used [0x00000000e6e00000,0x00000000e81158e0,0x00000000e8300000)
  to   space 23552K, 0% used [0x00000000e5700000,0x00000000e5700000,0x00000000e6e00000)
 ParOldGen       total 105472K, used 26104K [0x0000000081800000, 0x0000000087f00000, 0x00000000d5d80000)
  object space 105472K, 24% used [0x0000000081800000,0x000000008317e3c0,0x0000000087f00000)
 Metaspace       used 58337K, capacity 58718K, committed 59096K, reserved 1099776K
  class space    used 7733K, capacity 7838K, committed 7896K, reserved 1048576K
}
Event: 10.176 GC heap before
{Heap before GC invocations=13 (full 3):
 PSYoungGen      total 276992K, used 19542K [0x00000000d5d80000, 0x00000000e9700000, 0x0000000100000000)
  eden space 255488K, 0% used [0x00000000d5d80000,0x00000000d5d80000,0x00000000e5700000)
  from space 21504K, 90% used [0x00000000e6e00000,0x00000000e81158e0,0x00000000e8300000)
  to   space 23552K, 0% used [0x00000000e5700000,0x00000000e5700000,0x00000000e6e00000)
 ParOldGen       total 105472K, used 26104K [0x0000000081800000, 0x0000000087f00000, 0x00000000d5d80000)
  object space 105472K, 24% used [0x0000000081800000,0x000000008317e3c0,0x0000000087f00000)
 Metaspace       used 58337K, capacity 58718K, committed 59096K, reserved 1099776K
  class space    used 7733K, capacity 7838K, committed 7896K, reserved 1048576K
Event: 10.589 GC heap after
Heap after GC invocations=13 (full 3):
 PSYoungGen      total 276992K, used 0K [0x00000000d5d80000, 0x00000000e9700000, 0x0000000100000000)
  eden space 255488K, 0% used [0x00000000d5d80000,0x00000000d5d80000,0x00000000e5700000)
  from space 21504K, 0% used [0x00000000e6e00000,0x00000000e6e00000,0x00000000e8300000)
  to   space 23552K, 0% used [0x00000000e5700000,0x00000000e5700000,0x00000000e6e00000)
 ParOldGen       total 144896K, used 35787K [0x0000000081800000, 0x000000008a580000, 0x00000000d5d80000)
  object space 144896K, 24% used [0x0000000081800000,0x0000000083af2f78,0x000000008a580000)
 Metaspace       used 58337K, capacity 58718K, committed 59096K, reserved 1099776K
  class space    used 7733K, capacity 7838K, committed 7896K, reserved 1048576K
}

